<?xml version="1.0" encoding="UTF-8"?>
<testng-results ignored="0" total="1" passed="1" failed="0" skipped="0">
  <reporter-output>
  </reporter-output>
  <suite started-at="2020-05-07T03:04:53Z" name="Default suite" finished-at="2020-05-07T03:04:56Z" duration-ms="3218">
    <groups>
      <group name="cucumber">
        <method signature="AbstractTestNGCucumberTests.feature(cucumber.api.testng.CucumberFeatureWrapper)[pri:0, instance:testRunner.runner@22635ba0]" name="feature" class="cucumber.api.testng.AbstractTestNGCucumberTests"/>
      </group> <!-- cucumber -->
    </groups>
    <test started-at="2020-05-07T03:04:53Z" name="Default test" finished-at="2020-05-07T03:04:56Z" duration-ms="3218">
      <class name="testRunner.runner">
        <test-method is-config="true" signature="setUp()[pri:0, instance:testRunner.runner@22635ba0]" started-at="2020-05-07T03:04:47Z" name="setUp" finished-at="2020-05-07T03:04:53Z" duration-ms="6315" status="PASS">
          <reporter-output>
          </reporter-output>
        </test-method> <!-- setUp -->
        <test-method is-config="true" signature="setUpClass()[pri:0, instance:testRunner.runner@22635ba0]" started-at="2020-05-07T03:04:53Z" name="setUpClass" finished-at="2020-05-07T03:04:54Z" duration-ms="336" status="PASS">
          <reporter-output>
          </reporter-output>
        </test-method> <!-- setUpClass -->
        <test-method signature="feature(cucumber.api.testng.CucumberFeatureWrapper)[pri:0, instance:testRunner.runner@22635ba0]" started-at="2020-05-07T03:04:54Z" name="feature" description="Runs Cucumber Feature" data-provider="features" finished-at="2020-05-07T03:04:56Z" duration-ms="2715" status="PASS">
          <params>
            <param index="0">
              <value>
                <![CDATA[AutoTrader Basic Testing]]>
              </value>
            </param>
          </params>
          <reporter-output>
          </reporter-output>
        </test-method> <!-- feature -->
        <test-method is-config="true" signature="tearDownClass()[pri:0, instance:testRunner.runner@22635ba0]" started-at="2020-05-07T03:04:56Z" name="tearDownClass" finished-at="2020-05-07T03:04:56Z" duration-ms="4" status="PASS">
          <reporter-output>
          </reporter-output>
        </test-method> <!-- tearDownClass -->
        <test-method is-config="true" signature="tearDown()[pri:0, instance:testRunner.runner@22635ba0]" started-at="2020-05-07T03:04:56Z" name="tearDown" finished-at="2020-05-07T03:05:02Z" duration-ms="5651" status="PASS">
          <reporter-output>
          </reporter-output>
        </test-method> <!-- tearDown -->
      </class> <!-- testRunner.runner -->
    </test> <!-- Default test -->
  </suite> <!-- Default suite -->
</testng-results>
