<?xml version="1.0" encoding="UTF-8"?>
<testng-results ignored="0" total="1" passed="1" failed="0" skipped="0">
  <reporter-output>
  </reporter-output>
  <suite started-at="2020-05-04T00:32:54Z" name="Suite" finished-at="2020-05-04T00:33:05Z" duration-ms="10262">
    <groups>
      <group name="cucumber">
        <method signature="AbstractTestNGCucumberTests.feature(cucumber.api.testng.CucumberFeatureWrapper)[pri:0, instance:testRunner.runner@1e802ef9]" name="feature" class="cucumber.api.testng.AbstractTestNGCucumberTests"/>
      </group> <!-- cucumber -->
    </groups>
    <test started-at="2020-05-04T00:32:54Z" name="Test" finished-at="2020-05-04T00:33:05Z" duration-ms="10262">
      <class name="testRunner.runner">
        <test-method is-config="true" signature="setUp()[pri:0, instance:testRunner.runner@1e802ef9]" started-at="2020-05-04T00:32:45Z" name="setUp" finished-at="2020-05-04T00:32:54Z" duration-ms="8937" status="PASS">
          <reporter-output>
          </reporter-output>
        </test-method> <!-- setUp -->
        <test-method is-config="true" signature="setUpClass()[pri:0, instance:testRunner.runner@1e802ef9]" started-at="2020-05-04T00:32:54Z" name="setUpClass" finished-at="2020-05-04T00:32:56Z" duration-ms="1351" status="PASS">
          <reporter-output>
          </reporter-output>
        </test-method> <!-- setUpClass -->
        <test-method signature="feature(cucumber.api.testng.CucumberFeatureWrapper)[pri:0, instance:testRunner.runner@1e802ef9]" started-at="2020-05-04T00:32:56Z" name="feature" description="Runs Cucumber Feature" data-provider="features" finished-at="2020-05-04T00:33:03Z" duration-ms="6638" status="PASS">
          <params>
            <param index="0">
              <value>
                <![CDATA[AutoTrader Basic Testing]]>
              </value>
            </param>
          </params>
          <reporter-output>
          </reporter-output>
        </test-method> <!-- feature -->
        <test-method is-config="true" signature="tearDownClass()[pri:0, instance:testRunner.runner@1e802ef9]" started-at="2020-05-04T00:33:03Z" name="tearDownClass" finished-at="2020-05-04T00:33:05Z" duration-ms="1787" status="PASS">
          <reporter-output>
          </reporter-output>
        </test-method> <!-- tearDownClass -->
        <test-method is-config="true" signature="writeExtentReport()[pri:0, instance:testRunner.runner@1e802ef9]" started-at="2020-05-04T00:33:05Z" name="writeExtentReport" finished-at="2020-05-04T00:33:05Z" duration-ms="38" status="PASS">
          <reporter-output>
          </reporter-output>
        </test-method> <!-- writeExtentReport -->
        <test-method is-config="true" signature="tearDown()[pri:0, instance:testRunner.runner@1e802ef9]" started-at="2020-05-04T00:33:05Z" name="tearDown" finished-at="2020-05-04T00:33:08Z" duration-ms="2813" status="PASS">
          <reporter-output>
          </reporter-output>
        </test-method> <!-- tearDown -->
      </class> <!-- testRunner.runner -->
    </test> <!-- Test -->
  </suite> <!-- Suite -->
</testng-results>
